:COMSYS After 2780 simulations
:COMSYS Best payoff is -24270.5
:COMSYS User terminated optimization session
:OPTIMIZER=Powell
:SENSITIVITY=Off
:MULTIPLE_START=Off
:RANDOM_NUMBER=Default
:OUTPUT_LEVEL=On
:TRACE=Off
:MAX_ITERATIONS=1000
:RESTART_MAX=0
:PASS_LIMIT=2
:FRACTIONAL_TOLERANCE=0.0003
:TOLERANCE_MULTIPLIER=21
:ABSOLUTE_TOLERANCE=1
:SCALE_ABSOLUTE=1
:VECTOR_POINTS=25
:MCLIMIT=0
:MCJUMP=0.05
:MCBURNIN=0
:MCDELTA=0.0001
:MCTEMP=1
:MCNCHAINS=2
:MCUPDATEPAIRS=2
:MCSCHEDULE=0
:MCOUTLIER=0.05
:MCXOVER=0.2
:MCCOOLING=1000
:MCINITMETHOD=0
:MCPAYOFFTYPE=0
:MCGAMMA=1
:MCRECORD=0
:MCKNN=0
:MCEPSILON=0.01
:MCFTEMP=1
1 <= Shopping Time[S1] = 14.6543  <= 30
1 <= Shopping Time[S2] = 14.0368  <= 30
1 <= Shopping Time[S3] = 13.9451  <= 30
1 <= Shopping Time[S4] = 14.5755  <= 30
1 <= Shopping Time[S5] = 15.9712  <= 30
1 <= Shopping Time[S6] = 15.6028  <= 30
1 <= Shopping Time[S7] = 15.5965  <= 30
1 <= Shopping Time[S8] = 15.7149  <= 30
1 <= Shopping Time[S9] = 15.6554  <= 30
1 <= Shopping Time[S10] = 15.271  <= 30
1 <= Shopping Time[S11] = 15.0798  <= 30
1 <= Shopping Time[S12] = 14.2367  <= 30
1 <= Shopping Time[S13] = 14.9045  <= 30
1 <= Shopping Time[S14] = 15.7811  <= 30
1 <= Shopping Time[S15] = 15.4122  <= 30
1 <= Shopping Time[S16] = 14.7423  <= 30
1 <= Shopping Time[S17] = 15.0636  <= 30
1 <= Shopping Time[S18] = 15.5787  <= 30
1 <= Shopping Time[S19] = 15.2512  <= 30
1 <= Shopping Time[S20] = 14.8747  <= 30
1 <= Shopping Time[S21] = 14.6072  <= 30
1 <= Shopping Time[S22] = 14.1712  <= 30
1 <= Shopping Time[S23] = 14.1853  <= 30
1 <= Shopping Time[S24] = 16.3457  <= 30
1 <= Shopping Time[S25] = 15.9757  <= 30
1 <= Shopping Time[S26] = 15.1537  <= 30
1 <= Shopping Time[S27] = 15.4225  <= 30
1 <= Shopping Time[S28] = 14.3054  <= 30
1 <= Shopping Time[S29] = 15.4667  <= 30
1 <= Shopping Time[S30] = 14.6543  <= 30
1 <= Shopping Time[S31] = 14.3707  <= 30
1 <= Shopping Time[S32] = 15.4416  <= 30
1 <= Shopping Time[S33] = 15.0581  <= 30
1 <= Shopping Time[S34] = 15.3362  <= 30
1 <= Shopping Time[S35] = 14.3972  <= 30
1 <= Shopping Time[S36] = 14.3867  <= 30
1 <= Shopping Time[S37] = 13.9612  <= 30
1 <= Shopping Time[S38] = 14.9601  <= 30
1 <= Shopping Time[S39] = 14.1521  <= 30
1 <= Shopping Time[S40] = 15.5935  <= 30
1 <= Shopping Time[S41] = 16.0963  <= 30
1 <= Shopping Time[S42] = 14.0559  <= 30
1 <= Shopping Time[S43] = 16.1191  <= 30
1 <= Shopping Time[S44] = 16.0153  <= 30
1 <= Shopping Time[S45] = 13.8617  <= 30
1 <= Shopping Time[S46] = 14.7647  <= 30
1 <= Shopping Time[S47] = 15.233  <= 30
1 <= Shopping Time[S48] = 15.0714  <= 30
1 <= Shopping Time[S49] = 15.3024  <= 30
1 <= Shopping Time[S50] = 15.5447  <= 30
1 <= Shopping Time[S51] = 15.1125  <= 30
1 <= Shopping Time[S52] = 15.5278  <= 30
1 <= Shopping Time[S53] = 13.8752  <= 30
1 <= Shopping Time[S54] = 14.1702  <= 30
1 <= Shopping Time[S55] = 14.2479  <= 30
1 <= Shopping Time[S56] = 14.2082  <= 30
1 <= Shopping Time[S57] = 15.823  <= 30
1 <= Shopping Time[S58] = 16.3815  <= 30
1 <= Shopping Time[S59] = 16.8938  <= 30
1 <= Shopping Time[S60] = 14.1007  <= 30
1 <= Shopping Time[S61] = 14.6299  <= 30
1 <= Shopping Time[S62] = 15.953  <= 30
1 <= Shopping Time[S63] = 14.899  <= 30
1 <= Shopping Time[S64] = 14.8171  <= 30
1 <= Shopping Time[S65] = 14.9772  <= 30
1 <= Shopping Time[S66] = 17.064  <= 30
1 <= Shopping Time[S67] = 15.7507  <= 30
1 <= Shopping Time[S68] = 14.4673  <= 30
1 <= Shopping Time[S69] = 13.6889  <= 30
1 <= Shopping Time[S70] = 16.3692  <= 30
1 <= Shopping Time[S71] = 16.0082  <= 30
1 <= Shopping Time[S72] = 13.3649  <= 30
1 <= Shopping Time[S73] = 15.5821  <= 30
1 <= Shopping Time[S74] = 15.1506  <= 30
1 <= Shopping Time[S75] = 15.2105  <= 30
1 <= Shopping Time[S76] = 14.2848  <= 30
1 <= Shopping Time[S77] = 15.1358  <= 30
1 <= Shopping Time[S78] = 14.7608  <= 30
1 <= Shopping Time[S79] = 14.7187  <= 30
1 <= Shopping Time[S80] = 16.3784  <= 30
1 <= Shopping Time[S81] = 14.5641  <= 30
1 <= Shopping Time[S82] = 15.3292  <= 30
1 <= Shopping Time[S83] = 14.7353  <= 30
1 <= Shopping Time[S84] = 16.1593  <= 30
1 <= Shopping Time[S85] = 15.919  <= 30
1 <= Shopping Time[S86] = 15.2812  <= 30
1 <= Shopping Time[S87] = 14.41  <= 30
1 <= Shopping Time[S88] = 15.4641  <= 30
1 <= Shopping Time[S89] = 15.6127  <= 30
1 <= Shopping Time[S90] = 15.3282  <= 30
1 <= Shopping Time[S91] = 15.3768  <= 30
1 <= Shopping Time[S92] = 14.6973  <= 30
1 <= Shopping Time[S93] = 15.2142  <= 30
1 <= Shopping Time[S94] = 15.8336  <= 30
1 <= Shopping Time[S95] = 14.2203  <= 30
1 <= Shopping Time[S96] = 14.6241  <= 30
1 <= Shopping Time[S97] = 15.3994  <= 30
1 <= Shopping Time[S98] = 15.4314  <= 30
1 <= Shopping Time[S99] = 14.0754  <= 30
1 <= Shopping Time[S100] = 14.6723  <= 30
